This file contains any messages produced by compilers while
running configure, to aid debugging if configure makes a mistake.

It was created by libsamplerate configure 0.1.7, which was
generated by GNU Autoconf 2.61.  Invocation command line was

  $ ./configure --disable-fftw

## --------- ##
## Platform. ##
## --------- ##

hostname = STP-MacPro-2.local
uname -m = x86_64
uname -r = 17.7.0
uname -s = Darwin
uname -v = Darwin Kernel Version 17.7.0: Sun Jun  2 20:31:42 PDT 2019; root:xnu-4570.71.46~1/RELEASE_X86_64

/usr/bin/uname -p = i386
/bin/uname -X     = unknown

/bin/arch              = unknown
/usr/bin/arch -k       = unknown
/usr/convex/getsysinfo = unknown
/usr/bin/hostinfo      = Mach kernel version:
	 Darwin Kernel Version 17.7.0: Sun Jun  2 20:31:42 PDT 2019; root:xnu-4570.71.46~1/RELEASE_X86_64
Kernel configured for up to 24 processors.
12 processors are physically available.
24 processors are logically available.
Processor type: i486 (Intel 80486)
Processors active: 0 1 2 3 4 5 6 7 8 9 10 11 12 13 14 15 16 17 18 19 20 21 22 23
Primary memory available: 64.00 gigabytes
Default processor set: 402 tasks, 1885 threads, 24 processors
Load average: 2.21, Mach factor: 21.78
/bin/machine           = unknown
/usr/bin/oslevel       = unknown
/bin/universe          = unknown

PATH: //anaconda2/bin
PATH: //anaconda2/condabin
PATH: /Users/stp/anaconda3/bin
PATH: /Users/stp/.rvm/gems/ruby-2.3.4/bin
PATH: /Users/stp/.rvm/gems/ruby-2.3.4@global/bin
PATH: /Users/stp/.rvm/rubies/ruby-2.3.4/bin
PATH: /usr/local/smlnj/bin
PATH: /Users/stp/Library/Android/sdk/tools/bin
PATH: /Users/stp/Library/Android/sdk/platform-tools
PATH: /Applications/Coding/Doxygen.app/Contents/Resources
PATH: /usr/local/autoconf/bin
PATH: /Library/Internet Plug-Ins/JavaAppletPlugin.plugin/Contents/Home/bin
PATH: /Users/stp/anaconda2/bin
PATH: /usr/local/mysql/bin
PATH: /opt/local/bin
PATH: /opt/local/sbin
PATH: .
PATH: /usr/local/opt/qt/bin
PATH: /usr/local/bin
PATH: .
PATH: /usr/local/sbin
PATH: ~/Code/BirdsEar/bg_stats
PATH: ~/Applications
PATH: /opt/pkgconfig/bin
PATH: /Applications/CMake.app/Contents/bin
PATH: /usr/local/bin
PATH: /usr/bin
PATH: /bin
PATH: /usr/sbin
PATH: /sbin
PATH: /opt/X11/bin
PATH: /Users/stp/.rvm/bin


## ----------- ##
## Core tests. ##
## ----------- ##

configure:1999: checking build system type
configure:2017: result: i386-apple-darwin17.7.0
configure:2039: checking host system type
configure:2054: result: i386-apple-darwin17.7.0
configure:2076: checking target system type
configure:2091: result: i386-apple-darwin17.7.0
configure:2137: checking for a BSD-compatible install
configure:2193: result: /usr/bin/install -c
configure:2204: checking whether build environment is sane
configure:2247: result: yes
configure:2275: checking for a thread-safe mkdir -p
configure:2314: result: Cfg/install-sh -c -d
configure:2327: checking for gawk
configure:2357: result: no
configure:2327: checking for mawk
configure:2357: result: no
configure:2327: checking for nawk
configure:2357: result: no
configure:2327: checking for awk
configure:2343: found /usr/bin/awk
configure:2354: result: awk
configure:2365: checking whether make sets $(MAKE)
configure:2386: result: yes
configure:2654: checking for gcc
configure:2670: found /usr/bin/gcc
configure:2681: result: gcc
configure:2919: checking for C compiler version
configure:2926: gcc --version >&5
Configured with: --prefix=/Applications/Xcode.app/Contents/Developer/usr --with-gxx-include-dir=/usr/include/c++/4.2.1
Apple LLVM version 10.0.0 (clang-1000.11.45.5)
Target: x86_64-apple-darwin17.7.0
Thread model: posix
InstalledDir: /Applications/Xcode.app/Contents/Developer/Toolchains/XcodeDefault.xctoolchain/usr/bin
configure:2929: $? = 0
configure:2936: gcc -v >&5
Configured with: --prefix=/Applications/Xcode.app/Contents/Developer/usr --with-gxx-include-dir=/usr/include/c++/4.2.1
Apple LLVM version 10.0.0 (clang-1000.11.45.5)
Target: x86_64-apple-darwin17.7.0
Thread model: posix
InstalledDir: /Applications/Xcode.app/Contents/Developer/Toolchains/XcodeDefault.xctoolchain/usr/bin
configure:2939: $? = 0
configure:2946: gcc -V >&5
clang: error: argument to '-V' is missing (expected 1 value)
clang: error: no input files
configure:2949: $? = 1
configure:2972: checking for C compiler default output file name
configure:2999: gcc -Qunused-arguments -w -Qunused-arguments -w -L/usr/X11/lib -L/usr/local/lib -L/opt/local/lib conftest.c  >&5
configure:3002: $? = 0
configure:3040: result: a.out
configure:3057: checking whether the C compiler works
configure:3067: ./a.out
configure:3070: $? = 0
configure:3087: result: yes
configure:3094: checking whether we are cross compiling
configure:3096: result: no
configure:3099: checking for suffix of executables
configure:3106: gcc -o conftest -Qunused-arguments -w -Qunused-arguments -w -L/usr/X11/lib -L/usr/local/lib -L/opt/local/lib conftest.c  >&5
configure:3109: $? = 0
configure:3133: result: 
configure:3139: checking for suffix of object files
configure:3165: gcc -c -Qunused-arguments -w -Qunused-arguments -w conftest.c >&5
configure:3168: $? = 0
configure:3191: result: o
configure:3195: checking whether we are using the GNU C compiler
configure:3224: gcc -c -Qunused-arguments -w -Qunused-arguments -w conftest.c >&5
configure:3230: $? = 0
configure:3247: result: yes
configure:3252: checking whether gcc accepts -g
configure:3282: gcc -c -g -Qunused-arguments -w conftest.c >&5
configure:3288: $? = 0
configure:3387: result: yes
configure:3404: checking for gcc option to accept ISO C89
configure:3478: gcc  -c -Qunused-arguments -w -Qunused-arguments -w conftest.c >&5
configure:3484: $? = 0
configure:3507: result: none needed
configure:3536: checking for style of include used by make
configure:3564: result: GNU
configure:3589: checking dependency style of gcc
configure:3680: result: gcc3
configure:3696: checking whether gcc and cc understand -c and -o together
configure:3731: gcc -c conftest.c -o conftest2.o >&5
configure:3734: $? = 0
configure:3740: gcc -c conftest.c -o conftest2.o >&5
configure:3743: $? = 0
configure:3754: cc -c conftest.c >&5
configure:3757: $? = 0
configure:3765: cc -c conftest.c -o conftest2.o >&5
configure:3768: $? = 0
configure:3774: cc -c conftest.c -o conftest2.o >&5
configure:3777: $? = 0
configure:3795: result: yes
configure:3849: checking for a sed that does not truncate output
configure:3928: result: /opt/local/bin/gsed
configure:3946: checking for grep that handles long lines and -e
configure:4020: result: /usr/local/bin/ggrep
configure:4025: checking for egrep
configure:4103: result: /usr/local/bin/ggrep -E
configure:4108: checking for fgrep
configure:4186: result: /usr/local/bin/ggrep -F
configure:4221: checking for ld used by gcc
configure:4288: result: ld
configure:4297: checking if the linker (ld) is GNU ld
configure:4312: result: no
configure:4324: checking for BSD- or MS-compatible name lister (nm)
configure:4373: result: /usr/bin/nm -B
configure:4495: checking the name lister (/usr/bin/nm -B) interface
configure:4502: gcc -c -Qunused-arguments -w -Qunused-arguments -w conftest.c >&5
configure:4505: /usr/bin/nm -B "conftest.o"
configure:4508: output
0000000000000000 S _some_variable
configure:4515: result: BSD nm
configure:4518: checking whether ln -s works
configure:4522: result: yes
configure:4530: checking the maximum length of command line arguments
configure:4650: result: 196608
configure:4667: checking whether the shell understands some XSI constructs
configure:4677: result: yes
configure:4681: checking whether the shell understands "+="
configure:4687: result: yes
configure:4722: checking for ld option to reload object files
configure:4729: result: -r
configure:4798: checking for objdump
configure:4814: found /usr/bin/objdump
configure:4825: result: objdump
configure:4861: checking how to recognize dependent libraries
configure:5057: result: pass_all
configure:5117: checking for ar
configure:5133: found /usr/bin/ar
configure:5144: result: ar
configure:5226: checking for strip
configure:5242: found /usr/bin/strip
configure:5253: result: strip
configure:5329: checking for ranlib
configure:5345: found /usr/bin/ranlib
configure:5356: result: ranlib
configure:5450: checking command to parse /usr/bin/nm -B output from gcc object
configure:5568: gcc -c -Qunused-arguments -w -Qunused-arguments -w conftest.c >&5
configure:5571: $? = 0
configure:5575: /usr/bin/nm -B conftest.o \| sed -n -e 's/^.*[	 ]\([BCDEGRST][BCDEGRST]*\)[	 ][	 ]*\([_A-Za-z][_A-Za-z0-9]*\)$/\1 \2 \2/p' \> conftest.nm
configure:5578: $? = 0
cannot find nm_test_var in conftest.nm
configure:5568: gcc -c -Qunused-arguments -w -Qunused-arguments -w conftest.c >&5
configure:5571: $? = 0
configure:5575: /usr/bin/nm -B conftest.o \| sed -n -e 's/^.*[	 ]\([BCDEGRST][BCDEGRST]*\)[	 ][	 ]*_\([_A-Za-z][_A-Za-z0-9]*\)$/\1 _\2 \2/p' \> conftest.nm
configure:5578: $? = 0
configure:5632: gcc -o conftest -Qunused-arguments -w -Qunused-arguments -w -L/usr/X11/lib -L/usr/local/lib -L/opt/local/lib conftest.c conftstm.o >&5
configure:5635: $? = 0
configure:5673: result: ok
configure:5963: checking for dsymutil
configure:5979: found /usr/bin/dsymutil
configure:5990: result: dsymutil
configure:6059: checking for nmedit
configure:6075: found /usr/bin/nmedit
configure:6086: result: nmedit
configure:6155: checking for lipo
configure:6171: found /usr/bin/lipo
configure:6182: result: lipo
configure:6251: checking for otool
configure:6267: found /usr/bin/otool
configure:6278: result: otool
configure:6347: checking for otool64
configure:6377: result: no
configure:6426: checking for -single_module linker flag
gcc -Qunused-arguments -w -L/usr/X11/lib -L/usr/local/lib -L/opt/local/lib -o libconftest.dylib -dynamiclib -Wl,-single_module conftest.c
configure:6453: result: yes
configure:6455: checking for -exported_symbols_list linker flag
configure:6485: gcc -o conftest -Qunused-arguments -w -Qunused-arguments -w -L/usr/X11/lib -L/usr/local/lib -L/opt/local/lib -Wl,-exported_symbols_list,conftest.sym conftest.c  >&5
configure:6491: $? = 0
configure:6510: result: yes
configure:6552: checking how to run the C preprocessor
configure:6592: gcc -E -Qunused-arguments -w conftest.c
configure:6598: $? = 0
configure:6629: gcc -E -Qunused-arguments -w conftest.c
conftest.c:10:10: fatal error: 'ac_nonexistent.h' file not found
#include <ac_nonexistent.h>
         ^~~~~~~~~~~~~~~~~~
1 error generated.
configure:6635: $? = 1
configure: failed program was:
| /* confdefs.h.  */
| #define PACKAGE_NAME "libsamplerate"
| #define PACKAGE_TARNAME "libsamplerate"
| #define PACKAGE_VERSION "0.1.7"
| #define PACKAGE_STRING "libsamplerate 0.1.7"
| #define PACKAGE_BUGREPORT "erikd@mega-nerd.com"
| #define PACKAGE "libsamplerate"
| #define VERSION "0.1.7"
| /* end confdefs.h.  */
| #include <ac_nonexistent.h>
configure:6668: result: gcc -E
configure:6697: gcc -E -Qunused-arguments -w conftest.c
configure:6703: $? = 0
configure:6734: gcc -E -Qunused-arguments -w conftest.c
conftest.c:10:10: fatal error: 'ac_nonexistent.h' file not found
#include <ac_nonexistent.h>
         ^~~~~~~~~~~~~~~~~~
1 error generated.
configure:6740: $? = 1
configure: failed program was:
| /* confdefs.h.  */
| #define PACKAGE_NAME "libsamplerate"
| #define PACKAGE_TARNAME "libsamplerate"
| #define PACKAGE_VERSION "0.1.7"
| #define PACKAGE_STRING "libsamplerate 0.1.7"
| #define PACKAGE_BUGREPORT "erikd@mega-nerd.com"
| #define PACKAGE "libsamplerate"
| #define VERSION "0.1.7"
| /* end confdefs.h.  */
| #include <ac_nonexistent.h>
configure:6778: checking for ANSI C header files
configure:6808: gcc -c -Qunused-arguments -w -Qunused-arguments -w conftest.c >&5
configure:6814: $? = 0
configure:6913: gcc -o conftest -Qunused-arguments -w -Qunused-arguments -w -L/usr/X11/lib -L/usr/local/lib -L/opt/local/lib conftest.c  >&5
configure:6916: $? = 0
configure:6922: ./conftest
configure:6925: $? = 0
configure:6942: result: yes
configure:6966: checking for sys/types.h
configure:6987: gcc -c -Qunused-arguments -w -Qunused-arguments -w conftest.c >&5
configure:6993: $? = 0
configure:7009: result: yes
configure:6966: checking for sys/stat.h
configure:6987: gcc -c -Qunused-arguments -w -Qunused-arguments -w conftest.c >&5
configure:6993: $? = 0
configure:7009: result: yes
configure:6966: checking for stdlib.h
configure:6987: gcc -c -Qunused-arguments -w -Qunused-arguments -w conftest.c >&5
configure:6993: $? = 0
configure:7009: result: yes
configure:6966: checking for string.h
configure:6987: gcc -c -Qunused-arguments -w -Qunused-arguments -w conftest.c >&5
configure:6993: $? = 0
configure:7009: result: yes
configure:6966: checking for memory.h
configure:6987: gcc -c -Qunused-arguments -w -Qunused-arguments -w conftest.c >&5
configure:6993: $? = 0
configure:7009: result: yes
configure:6966: checking for strings.h
configure:6987: gcc -c -Qunused-arguments -w -Qunused-arguments -w conftest.c >&5
configure:6993: $? = 0
configure:7009: result: yes
configure:6966: checking for inttypes.h
configure:6987: gcc -c -Qunused-arguments -w -Qunused-arguments -w conftest.c >&5
configure:6993: $? = 0
configure:7009: result: yes
configure:6966: checking for stdint.h
configure:6987: gcc -c -Qunused-arguments -w -Qunused-arguments -w conftest.c >&5
configure:6993: $? = 0
configure:7009: result: yes
configure:6966: checking for unistd.h
configure:6987: gcc -c -Qunused-arguments -w -Qunused-arguments -w conftest.c >&5
configure:6993: $? = 0
configure:7009: result: yes
configure:7025: checking for dlfcn.h
configure:7046: gcc -c -Qunused-arguments -w -Qunused-arguments -w conftest.c >&5
configure:7052: $? = 0
configure:7068: result: yes
configure:7252: checking for objdir
configure:7267: result: .libs
configure:7563: checking if gcc supports -fno-rtti -fno-exceptions
configure:7581: 
configure:7585: $? = 0
configure:7598: result: no
configure:7618: checking for gcc option to produce PIC
configure:7890: result: -fno-common -DPIC
configure:7902: checking if gcc PIC flag -fno-common -DPIC works
configure:7920: 
configure:7924: $? = 0
configure:7937: result: no
configure:7961: checking if gcc static flag -static works
configure:7989: result: no
configure:8004: checking if gcc supports -c -o file.o
configure:8025: 
configure:8029: $? = 0
configure:8051: result: no
configure:8059: checking if gcc supports -c -o file.o
configure:8106: result: no
configure:8115: checking if we can lock with hard links
configure:8123: result: yes
configure:8139: checking whether the gcc linker (ld) supports shared libraries
configure:9202: result: yes
configure:9441: checking dynamic linker characteristics
configure:10132: result: darwin17.7.0 dyld
configure:10234: checking how to hardcode library paths into programs
configure:10259: result: immediate
configure:11064: checking whether stripping libraries is possible
configure:11078: result: yes
configure:11104: checking if libtool supports shared libraries
configure:11106: result: yes
configure:11109: checking whether to build shared libraries
configure:11130: result: yes
configure:11133: checking whether to build static libraries
configure:11137: result: yes
configure:11186: checking for a BSD-compatible install
configure:11242: result: /usr/bin/install -c
configure:11254: checking whether make sets $(MAKE)
configure:11275: result: yes
configure:11284: checking whether ln -s works
configure:11288: result: yes
configure:11295: checking for a thread-safe mkdir -p
configure:11334: result: Cfg/install-sh -c -d
configure:11452: checking for ANSI C header files
configure:11616: result: yes
configure:11633: checking for stdint.h
configure:11639: result: yes
configure:11643: checking sys/times.h usability
configure:11660: gcc -c -Qunused-arguments -w -Qunused-arguments -w conftest.c >&5
configure:11666: $? = 0
configure:11680: result: yes
configure:11684: checking sys/times.h presence
configure:11699: gcc -E -Qunused-arguments -w conftest.c
configure:11705: $? = 0
configure:11719: result: yes
configure:11752: checking for sys/times.h
configure:11760: result: yes
configure:11825: checking for int
configure:11855: gcc -c -Qunused-arguments -w -Qunused-arguments -w conftest.c >&5
configure:11861: $? = 0
configure:11876: result: yes
configure:11883: checking size of int
configure:12185: gcc -o conftest -Qunused-arguments -w -Qunused-arguments -w -L/usr/X11/lib -L/usr/local/lib -L/opt/local/lib conftest.c  >&5
configure:12188: $? = 0
configure:12194: ./conftest
configure:12197: $? = 0
configure:12220: result: 4
configure:12230: checking for long
configure:12260: gcc -c -Qunused-arguments -w -Qunused-arguments -w conftest.c >&5
configure:12266: $? = 0
configure:12281: result: yes
configure:12288: checking size of long
configure:12590: gcc -o conftest -Qunused-arguments -w -Qunused-arguments -w -L/usr/X11/lib -L/usr/local/lib -L/opt/local/lib conftest.c  >&5
configure:12593: $? = 0
configure:12599: ./conftest
configure:12602: $? = 0
configure:12625: result: 8
configure:12635: checking for float
configure:12665: gcc -c -Qunused-arguments -w -Qunused-arguments -w conftest.c >&5
configure:12671: $? = 0
configure:12686: result: yes
configure:12693: checking size of float
configure:12995: gcc -o conftest -Qunused-arguments -w -Qunused-arguments -w -L/usr/X11/lib -L/usr/local/lib -L/opt/local/lib conftest.c  >&5
configure:12998: $? = 0
configure:13004: ./conftest
configure:13007: $? = 0
configure:13030: result: 4
configure:13040: checking for double
configure:13070: gcc -c -Qunused-arguments -w -Qunused-arguments -w conftest.c >&5
configure:13076: $? = 0
configure:13091: result: yes
configure:13098: checking size of double
configure:13400: gcc -o conftest -Qunused-arguments -w -Qunused-arguments -w -L/usr/X11/lib -L/usr/local/lib -L/opt/local/lib conftest.c  >&5
configure:13403: $? = 0
configure:13409: ./conftest
configure:13412: $? = 0
configure:13435: result: 8
configure:13449: checking processor byte ordering
configure:13592: gcc -o conftest -Qunused-arguments -w -Qunused-arguments -w -L/usr/X11/lib -L/usr/local/lib -L/opt/local/lib conftest.c  >&5
configure:13598: $? = 0
configure:13631: gcc -o conftest -Qunused-arguments -w -Qunused-arguments -w -L/usr/X11/lib -L/usr/local/lib -L/opt/local/lib conftest.c  >&5
configure:13637: $? = 0
configure:13682: gcc -o conftest -Qunused-arguments -w -Qunused-arguments -w -L/usr/X11/lib -L/usr/local/lib -L/opt/local/lib conftest.c  >&5
configure:13688: $? = 0
configure:13852: result: little
configure:13899: checking for malloc
configure:13955: gcc -o conftest -Qunused-arguments -w -Qunused-arguments -w -L/usr/X11/lib -L/usr/local/lib -L/opt/local/lib conftest.c  >&5
configure:13961: $? = 0
configure:13979: result: yes
configure:13899: checking for calloc
configure:13955: gcc -o conftest -Qunused-arguments -w -Qunused-arguments -w -L/usr/X11/lib -L/usr/local/lib -L/opt/local/lib conftest.c  >&5
configure:13961: $? = 0
configure:13979: result: yes
configure:13899: checking for free
configure:13955: gcc -o conftest -Qunused-arguments -w -Qunused-arguments -w -L/usr/X11/lib -L/usr/local/lib -L/opt/local/lib conftest.c  >&5
configure:13961: $? = 0
configure:13979: result: yes
configure:13899: checking for memcpy
configure:13955: gcc -o conftest -Qunused-arguments -w -Qunused-arguments -w -L/usr/X11/lib -L/usr/local/lib -L/opt/local/lib conftest.c  >&5
configure:13961: $? = 0
configure:13979: result: yes
configure:13899: checking for memmove
configure:13955: gcc -o conftest -Qunused-arguments -w -Qunused-arguments -w -L/usr/X11/lib -L/usr/local/lib -L/opt/local/lib conftest.c  >&5
configure:13961: $? = 0
configure:13979: result: yes
configure:13899: checking for alarm
configure:13955: gcc -o conftest -Qunused-arguments -w -Qunused-arguments -w -L/usr/X11/lib -L/usr/local/lib -L/opt/local/lib conftest.c  >&5
configure:13961: $? = 0
configure:13979: result: yes
configure:13899: checking for signal
configure:13955: gcc -o conftest -Qunused-arguments -w -Qunused-arguments -w -L/usr/X11/lib -L/usr/local/lib -L/opt/local/lib conftest.c  >&5
configure:13961: $? = 0
configure:13979: result: yes
configure:13991: checking for floor in -lm
configure:14026: gcc -o conftest -Qunused-arguments -w -Qunused-arguments -w -L/usr/X11/lib -L/usr/local/lib -L/opt/local/lib conftest.c -lm   >&5
configure:14032: $? = 0
configure:14050: result: yes
configure:14067: checking for floor
configure:14123: gcc -o conftest -Qunused-arguments -w -Qunused-arguments -w -L/usr/X11/lib -L/usr/local/lib -L/opt/local/lib conftest.c -lm  >&5
configure:14129: $? = 0
configure:14147: result: yes
configure:14067: checking for ceil
configure:14123: gcc -o conftest -Qunused-arguments -w -Qunused-arguments -w -L/usr/X11/lib -L/usr/local/lib -L/opt/local/lib conftest.c -lm  >&5
configure:14129: $? = 0
configure:14147: result: yes
configure:14067: checking for fmod
configure:14123: gcc -o conftest -Qunused-arguments -w -Qunused-arguments -w -L/usr/X11/lib -L/usr/local/lib -L/opt/local/lib conftest.c -lm  >&5
configure:14129: $? = 0
configure:14147: result: yes
configure:14158: checking for SIGALRM
configure:14188: gcc -o conftest -Qunused-arguments -w -Qunused-arguments -w -L/usr/X11/lib -L/usr/local/lib -L/opt/local/lib conftest.c -lm  >&5
configure:14194: $? = 0
configure:14213: result: yes
configure:14225: checking for lrint
configure:14261: gcc -o conftest -O2 -lm -Qunused-arguments -w -L/usr/X11/lib -L/usr/local/lib -L/opt/local/lib conftest.c -lm  >&5
configure:14267: $? = 0
configure:14288: result: yes
configure:14299: checking for lrintf
configure:14335: gcc -o conftest -O2 -lm -Qunused-arguments -w -L/usr/X11/lib -L/usr/local/lib -L/opt/local/lib conftest.c -lm  >&5
configure:14341: $? = 0
configure:14362: result: yes
configure:14390: checking processor clipping capabilities
configure:14439: gcc -o conftest -Qunused-arguments -w -Qunused-arguments -w -L/usr/X11/lib -L/usr/local/lib -L/opt/local/lib conftest.c -lm  >&5
configure:14442: $? = 0
configure:14448: ./conftest
configure:14451: $? = 1
configure: program exited with status 1
configure: failed program was:
| /* confdefs.h.  */
| #define PACKAGE_NAME "libsamplerate"
| #define PACKAGE_TARNAME "libsamplerate"
| #define PACKAGE_VERSION "0.1.7"
| #define PACKAGE_STRING "libsamplerate 0.1.7"
| #define PACKAGE_BUGREPORT "erikd@mega-nerd.com"
| #define PACKAGE "libsamplerate"
| #define VERSION "0.1.7"
| #define STDC_HEADERS 1
| #define HAVE_SYS_TYPES_H 1
| #define HAVE_SYS_STAT_H 1
| #define HAVE_STDLIB_H 1
| #define HAVE_STRING_H 1
| #define HAVE_MEMORY_H 1
| #define HAVE_STRINGS_H 1
| #define HAVE_INTTYPES_H 1
| #define HAVE_STDINT_H 1
| #define HAVE_UNISTD_H 1
| #define HAVE_DLFCN_H 1
| #define LT_OBJDIR ".libs/"
| #define STDC_HEADERS 1
| #define HAVE_STDINT_H 1
| #define HAVE_SYS_TIMES_H 1
| #define SIZEOF_INT 4
| #define SIZEOF_LONG 8
| #define SIZEOF_FLOAT 4
| #define SIZEOF_DOUBLE 8
| #define CPU_IS_BIG_ENDIAN 0
| #define CPU_IS_LITTLE_ENDIAN 1
| #define HAVE_MALLOC 1
| #define HAVE_CALLOC 1
| #define HAVE_FREE 1
| #define HAVE_MEMCPY 1
| #define HAVE_MEMMOVE 1
| #define HAVE_ALARM 1
| #define HAVE_SIGNAL 1
| #define HAVE_LIBM 1
| #define HAVE_FLOOR 1
| #define HAVE_CEIL 1
| #define HAVE_FMOD 1
| #define HAVE_SIGALRM 1
| #define HAVE_LRINT 1
| #define HAVE_LRINTF 1
| /* end confdefs.h.  */
| 
| 	#define	_ISOC9X_SOURCE	1
| 	#define _ISOC99_SOURCE	1
| 	#define	__USE_ISOC99	1
| 	#define __USE_ISOC9X	1
| 	#include <math.h>
| 	int main (void)
| 	{	double	fval ;
| 		int k, ival ;
| 
| 		fval = 1.0 * 0x7FFFFFFF ;
| 		for (k = 0 ; k < 100 ; k++)
| 		{	ival = (lrint (fval)) >> 24 ;
| 			if (ival != 127)
| 				return 1 ;
| 
| 			fval *= 1.2499999 ;
| 			} ;
| 
| 			return 0 ;
| 		}
| 
configure:14506: gcc -o conftest -Qunused-arguments -w -Qunused-arguments -w -L/usr/X11/lib -L/usr/local/lib -L/opt/local/lib conftest.c -lm  >&5
configure:14509: $? = 0
configure:14515: ./conftest
configure:14518: $? = 1
configure: program exited with status 1
configure: failed program was:
| /* confdefs.h.  */
| #define PACKAGE_NAME "libsamplerate"
| #define PACKAGE_TARNAME "libsamplerate"
| #define PACKAGE_VERSION "0.1.7"
| #define PACKAGE_STRING "libsamplerate 0.1.7"
| #define PACKAGE_BUGREPORT "erikd@mega-nerd.com"
| #define PACKAGE "libsamplerate"
| #define VERSION "0.1.7"
| #define STDC_HEADERS 1
| #define HAVE_SYS_TYPES_H 1
| #define HAVE_SYS_STAT_H 1
| #define HAVE_STDLIB_H 1
| #define HAVE_STRING_H 1
| #define HAVE_MEMORY_H 1
| #define HAVE_STRINGS_H 1
| #define HAVE_INTTYPES_H 1
| #define HAVE_STDINT_H 1
| #define HAVE_UNISTD_H 1
| #define HAVE_DLFCN_H 1
| #define LT_OBJDIR ".libs/"
| #define STDC_HEADERS 1
| #define HAVE_STDINT_H 1
| #define HAVE_SYS_TIMES_H 1
| #define SIZEOF_INT 4
| #define SIZEOF_LONG 8
| #define SIZEOF_FLOAT 4
| #define SIZEOF_DOUBLE 8
| #define CPU_IS_BIG_ENDIAN 0
| #define CPU_IS_LITTLE_ENDIAN 1
| #define HAVE_MALLOC 1
| #define HAVE_CALLOC 1
| #define HAVE_FREE 1
| #define HAVE_MEMCPY 1
| #define HAVE_MEMMOVE 1
| #define HAVE_ALARM 1
| #define HAVE_SIGNAL 1
| #define HAVE_LIBM 1
| #define HAVE_FLOOR 1
| #define HAVE_CEIL 1
| #define HAVE_FMOD 1
| #define HAVE_SIGALRM 1
| #define HAVE_LRINT 1
| #define HAVE_LRINTF 1
| /* end confdefs.h.  */
| 
| 	#define	_ISOC9X_SOURCE	1
| 	#define _ISOC99_SOURCE	1
| 	#define	__USE_ISOC99	1
| 	#define __USE_ISOC9X	1
| 	#include <math.h>
| 	int main (void)
| 	{	double	fval ;
| 		int k, ival ;
| 
| 		fval = -8.0 * 0x10000000 ;
| 		for (k = 0 ; k < 100 ; k++)
| 		{	ival = (lrint (fval)) >> 24 ;
| 			if (ival != -128)
| 				return 1 ;
| 
| 			fval *= 1.2499999 ;
| 			} ;
| 
| 			return 0 ;
| 		}
| 
configure:14567: result: none
configure:14650: checking for pkg-config
configure:14668: found /usr/local/bin/pkg-config
configure:14680: result: /usr/local/bin/pkg-config
configure:14709: checking pkg-config is at least version 0.9.0
configure:14712: result: yes
configure:14725: checking for SNDFILE
configure:14733: $PKG_CONFIG --exists --print-errors "sndfile >= 1.0.6"
configure:14736: $? = 0
configure:14751: $PKG_CONFIG --exists --print-errors "sndfile >= 1.0.6"
configure:14754: $? = 0
configure:14790: result: yes
configure:15113: creating ./config.status

## ---------------------- ##
## Running config.status. ##
## ---------------------- ##

This file was extended by libsamplerate config.status 0.1.7, which was
generated by GNU Autoconf 2.61.  Invocation command line was

  CONFIG_FILES    = 
  CONFIG_HEADERS  = 
  CONFIG_LINKS    = 
  CONFIG_COMMANDS = 
  $ ./config.status 

on STP-MacPro-2.local

config.status:875: creating Makefile
config.status:875: creating src/Version_script
config.status:875: creating Win32/Makefile
config.status:875: creating Win32/Makefile.mingw
config.status:875: creating src/Makefile
config.status:875: creating examples/Makefile
config.status:875: creating tests/Makefile
config.status:875: creating doc/Makefile
config.status:875: creating libsamplerate.spec
config.status:875: creating samplerate.pc
config.status:875: creating src/config.h
config.status:1187: executing depfiles commands
config.status:1187: executing libtool commands
configure:17318: result:
-=-=-=-=-=-=-=-=-=-= Configuration Complete =-=-=-=-=-=-=-=-=-=-=-

  Configuration summary :

    Version : ..................... 0.1.7

configure:17336: result:
  Extra tools required for testing and examples :

    Use FFTW : .................... no
configure:17343: result:     Have libsndfile : ............. yes

configure:17352: result:   Installation directories :

    Library directory : ........... /usr/local/lib
    Program directory : ........... /usr/local/bin
    Pkgconfig directory : ......... /usr/local/lib/pkgconfig


## ---------------- ##
## Cache variables. ##
## ---------------- ##

ac_cv_build=i386-apple-darwin17.7.0
ac_cv_c99_lrint=yes
ac_cv_c99_lrintf=yes
ac_cv_c_big_endian=0
ac_cv_c_byte_order=little
ac_cv_c_clip_negative=0
ac_cv_c_clip_positive=0
ac_cv_c_clip_type=none
ac_cv_c_compiler_gnu=yes
ac_cv_c_little_endian=1
ac_cv_env_CC_set=
ac_cv_env_CC_value=
ac_cv_env_CFLAGS_set=set
ac_cv_env_CFLAGS_value='-Qunused-arguments -w'
ac_cv_env_CPPFLAGS_set=set
ac_cv_env_CPPFLAGS_value='-Qunused-arguments -w'
ac_cv_env_CPP_set=
ac_cv_env_CPP_value=
ac_cv_env_FFTW3_CFLAGS_set=
ac_cv_env_FFTW3_CFLAGS_value=
ac_cv_env_FFTW3_LIBS_set=
ac_cv_env_FFTW3_LIBS_value=
ac_cv_env_LDFLAGS_set=set
ac_cv_env_LDFLAGS_value='-L/usr/X11/lib -L/usr/local/lib -L/opt/local/lib'
ac_cv_env_LIBS_set=
ac_cv_env_LIBS_value=
ac_cv_env_PKG_CONFIG_set=
ac_cv_env_PKG_CONFIG_value=
ac_cv_env_SNDFILE_CFLAGS_set=
ac_cv_env_SNDFILE_CFLAGS_value=
ac_cv_env_SNDFILE_LIBS_set=
ac_cv_env_SNDFILE_LIBS_value=
ac_cv_env_build_alias_set=
ac_cv_env_build_alias_value=
ac_cv_env_host_alias_set=
ac_cv_env_host_alias_value=
ac_cv_env_target_alias_set=
ac_cv_env_target_alias_value=
ac_cv_fftw3=no
ac_cv_func_alarm=yes
ac_cv_func_calloc=yes
ac_cv_func_ceil=yes
ac_cv_func_floor=yes
ac_cv_func_fmod=yes
ac_cv_func_free=yes
ac_cv_func_malloc=yes
ac_cv_func_memcpy=yes
ac_cv_func_memmove=yes
ac_cv_func_signal=yes
ac_cv_header_dlfcn_h=yes
ac_cv_header_inttypes_h=yes
ac_cv_header_memory_h=yes
ac_cv_header_stdc=yes
ac_cv_header_stdint_h=yes
ac_cv_header_stdlib_h=yes
ac_cv_header_string_h=yes
ac_cv_header_strings_h=yes
ac_cv_header_sys_stat_h=yes
ac_cv_header_sys_times_h=yes
ac_cv_header_sys_types_h=yes
ac_cv_header_unistd_h=yes
ac_cv_host=i386-apple-darwin17.7.0
ac_cv_lib_m_floor=yes
ac_cv_objext=o
ac_cv_path_EGREP='/usr/local/bin/ggrep -E'
ac_cv_path_FGREP='/usr/local/bin/ggrep -F'
ac_cv_path_GREP=/usr/local/bin/ggrep
ac_cv_path_SED=/opt/local/bin/gsed
ac_cv_path_ac_pt_PKG_CONFIG=/usr/local/bin/pkg-config
ac_cv_path_install='/usr/bin/install -c'
ac_cv_prog_AWK=awk
ac_cv_prog_CPP='gcc -E'
ac_cv_prog_ac_ct_AR=ar
ac_cv_prog_ac_ct_CC=gcc
ac_cv_prog_ac_ct_DSYMUTIL=dsymutil
ac_cv_prog_ac_ct_LIPO=lipo
ac_cv_prog_ac_ct_NMEDIT=nmedit
ac_cv_prog_ac_ct_OBJDUMP=objdump
ac_cv_prog_ac_ct_OTOOL=otool
ac_cv_prog_ac_ct_RANLIB=ranlib
ac_cv_prog_ac_ct_STRIP=strip
ac_cv_prog_cc_c89=
ac_cv_prog_cc_g=yes
ac_cv_prog_cc_gcc_c_o=yes
ac_cv_prog_make_make_set=yes
ac_cv_signal_SIGALRM=yes
ac_cv_sizeof_double=8
ac_cv_sizeof_float=4
ac_cv_sizeof_int=4
ac_cv_sizeof_long=8
ac_cv_sndfile=yes
ac_cv_target=i386-apple-darwin17.7.0
ac_cv_type_double=yes
ac_cv_type_float=yes
ac_cv_type_int=yes
ac_cv_type_long=yes
am_cv_CC_dependencies_compiler_type=gcc3
lt_cv_apple_cc_single_mod=yes
lt_cv_deplibs_check_method=pass_all
lt_cv_file_magic_cmd='$MAGIC_CMD'
lt_cv_file_magic_test_file=
lt_cv_ld_exported_symbols_list=yes
lt_cv_ld_reload_flag=-r
lt_cv_nm_interface='BSD nm'
lt_cv_objdir=.libs
lt_cv_path_LD=ld
lt_cv_path_NM='/usr/bin/nm -B'
lt_cv_prog_compiler_c_o=no
lt_cv_prog_compiler_pic_works=no
lt_cv_prog_compiler_rtti_exceptions=no
lt_cv_prog_compiler_static_works=no
lt_cv_prog_gnu_ld=no
lt_cv_sys_global_symbol_pipe='sed -n -e '\''s/^.*[	 ]\([BCDEGRST][BCDEGRST]*\)[	 ][	 ]*_\([_A-Za-z][_A-Za-z0-9]*\)$/\1 _\2 \2/p'\'''
lt_cv_sys_global_symbol_to_c_name_address='sed -n -e '\''s/^: \([^ ]*\) $/  {\"\1\", (void *) 0},/p'\'' -e '\''s/^[BCDEGRST]* \([^ ]*\) \([^ ]*\)$/  {"\2", (void *) \&\2},/p'\'''
lt_cv_sys_global_symbol_to_c_name_address_lib_prefix='sed -n -e '\''s/^: \([^ ]*\) $/  {\"\1\", (void *) 0},/p'\'' -e '\''s/^[BCDEGRST]* \([^ ]*\) \(lib[^ ]*\)$/  {"\2", (void *) \&\2},/p'\'' -e '\''s/^[BCDEGRST]* \([^ ]*\) \([^ ]*\)$/  {"lib\2", (void *) \&\2},/p'\'''
lt_cv_sys_global_symbol_to_cdecl='sed -n -e '\''s/^T .* \(.*\)$/extern int \1();/p'\'' -e '\''s/^[BCDEGRST]* .* \(.*\)$/extern char \1;/p'\'''
lt_cv_sys_max_cmd_len=196608
pkg_cv_SNDFILE_CFLAGS=-I/usr/local/include
pkg_cv_SNDFILE_LIBS='-L/usr/local/lib -lsndfile'

## ----------------- ##
## Output variables. ##
## ----------------- ##

ACLOCAL='${SHELL} /Content/Code/CSL/CSL_Libs/libsamplerate-0.1.7/Cfg/missing --run aclocal-1.10'
ACLOCAL_AMFLAGS='-I M4'
AMDEPBACKSLASH='\'
AMDEP_FALSE='#'
AMDEP_TRUE=''
AMTAR='${SHELL} /Content/Code/CSL/CSL_Libs/libsamplerate-0.1.7/Cfg/missing --run tar'
AR='ar'
AUTOCONF='${SHELL} /Content/Code/CSL/CSL_Libs/libsamplerate-0.1.7/Cfg/missing --run autoconf'
AUTOHEADER='${SHELL} /Content/Code/CSL/CSL_Libs/libsamplerate-0.1.7/Cfg/missing --run autoheader'
AUTOMAKE='${SHELL} /Content/Code/CSL/CSL_Libs/libsamplerate-0.1.7/Cfg/missing --run automake-1.10'
AWK='awk'
CC='gcc'
CCDEPMODE='depmode=gcc3'
CFLAGS='-Qunused-arguments -w -std=gnu99 -W -Wstrict-prototypes -Wmissing-prototypes  -Waggregate-return -Wcast-align -Wcast-qual -Wnested-externs -Wshadow -Wpointer-arith -pipe'
COMPILER_IS_GCC=''
CPP='gcc -E'
CPPFLAGS='-Qunused-arguments -w'
CYGPATH_W='echo'
DEFS='-DHAVE_CONFIG_H'
DEPDIR='.deps'
DLLTOOL=''
DLLWRAP=''
DSYMUTIL='dsymutil'
DUMPBIN=''
ECHO_C='ECHO_N=''
ECHO_T=''
EGREP='/usr/local/bin/ggrep -E'
EXEEXT=''
FFTW3_CFLAGS=''
FFTW3_LIBS=''
FGREP='/usr/local/bin/ggrep -F'
GCC_MAJOR_VERSION='4'
GREP='/usr/local/bin/ggrep'
HAVE_FFTW3='0'
HAVE_SNDFILE='1'
INSTALL_DATA='${INSTALL} -m 644'
INSTALL_PROGRAM='${INSTALL}'
INSTALL_SCRIPT='${INSTALL}'
INSTALL_STRIP_PROGRAM='$(install_sh) -c -s'
LD='ld'
LDFLAGS='-L/usr/X11/lib -L/usr/local/lib -L/opt/local/lib'
LIBOBJS=''
LIBS='-lm '
LIBTOOL='$(SHELL) $(top_builddir)/libtool'
LIPO='lipo'
LN_S='ln -s'
LTLIBOBJS=''
MAKEINFO='${SHELL} /Content/Code/CSL/CSL_Libs/libsamplerate-0.1.7/Cfg/missing --run makeinfo'
NM='/usr/bin/nm -B'
NMEDIT='nmedit'
OBJDUMP='objdump'
OBJEXT='o'
OS_SPECIFIC_INCLUDES='-fpascal-strings -I/Developer/Headers/FlatCarbon'
OS_SPECIFIC_LINKS='-framework CoreAudio'
OTOOL64=':'
OTOOL='otool'
PACKAGE='libsamplerate'
PACKAGE_BUGREPORT='erikd@mega-nerd.com'
PACKAGE_NAME='libsamplerate'
PACKAGE_STRING='libsamplerate 0.1.7'
PACKAGE_TARNAME='libsamplerate'
PACKAGE_VERSION='0.1.7'
PATH_SEPARATOR=':'
PEXPORTS=''
PKG_CONFIG='/usr/local/bin/pkg-config'
RANLIB='ranlib'
SED='/opt/local/bin/gsed'
SET_MAKE=''
SHARED_VERSION_INFO='1:7:1'
SHELL='/bin/sh'
SHLIB_VERSION_ARG=''
SNDFILE_CFLAGS='-I/usr/local/include'
SNDFILE_LIBS='-L/usr/local/lib -lsndfile'
STRIP='strip'
VERSION='0.1.7'
ac_ct_CC='gcc'
ac_ct_DUMPBIN=''
am__fastdepCC_FALSE='#'
am__fastdepCC_TRUE=''
am__include='include'
am__isrc=''
am__leading_dot='.'
am__quote=''
am__tar='${AMTAR} chof - "$$tardir"'
am__untar='${AMTAR} xf -'
bindir='${exec_prefix}/bin'
build='i386-apple-darwin17.7.0'
build_alias=''
build_cpu='i386'
build_os='darwin17.7.0'
build_vendor='apple'
datadir='${datarootdir}'
datarootdir='${prefix}/share'
docdir='${datarootdir}/doc/${PACKAGE_TARNAME}'
dvidir='${docdir}'
exec_prefix='${prefix}'
host='i386-apple-darwin17.7.0'
host_alias=''
host_cpu='i386'
host_os='darwin17.7.0'
host_vendor='apple'
htmldir='${docdir}'
includedir='${prefix}/include'
infodir='${datarootdir}/info'
install_sh='$(SHELL) /Content/Code/CSL/CSL_Libs/libsamplerate-0.1.7/Cfg/install-sh'
libdir='${exec_prefix}/lib'
libexecdir='${exec_prefix}/libexec'
localedir='${datarootdir}/locale'
localstatedir='${prefix}/var'
lt_ECHO='/bin/echo'
mandir='${datarootdir}/man'
mkdir_p='$(top_builddir)/Cfg/install-sh -c -d'
oldincludedir='/usr/include'
pdfdir='${docdir}'
prefix='/usr/local'
program_transform_name='s,x,x,'
psdir='${docdir}'
sbindir='${exec_prefix}/sbin'
sharedstatedir='${prefix}/com'
sysconfdir='${prefix}/etc'
target='i386-apple-darwin17.7.0'
target_alias=''
target_cpu='i386'
target_os='darwin17.7.0'
target_vendor='apple'

## ----------- ##
## confdefs.h. ##
## ----------- ##

#define PACKAGE_NAME "libsamplerate"
#define PACKAGE_TARNAME "libsamplerate"
#define PACKAGE_VERSION "0.1.7"
#define PACKAGE_STRING "libsamplerate 0.1.7"
#define PACKAGE_BUGREPORT "erikd@mega-nerd.com"
#define PACKAGE "libsamplerate"
#define VERSION "0.1.7"
#define STDC_HEADERS 1
#define HAVE_SYS_TYPES_H 1
#define HAVE_SYS_STAT_H 1
#define HAVE_STDLIB_H 1
#define HAVE_STRING_H 1
#define HAVE_MEMORY_H 1
#define HAVE_STRINGS_H 1
#define HAVE_INTTYPES_H 1
#define HAVE_STDINT_H 1
#define HAVE_UNISTD_H 1
#define HAVE_DLFCN_H 1
#define LT_OBJDIR ".libs/"
#define STDC_HEADERS 1
#define HAVE_STDINT_H 1
#define HAVE_SYS_TIMES_H 1
#define SIZEOF_INT 4
#define SIZEOF_LONG 8
#define SIZEOF_FLOAT 4
#define SIZEOF_DOUBLE 8
#define CPU_IS_BIG_ENDIAN 0
#define CPU_IS_LITTLE_ENDIAN 1
#define HAVE_MALLOC 1
#define HAVE_CALLOC 1
#define HAVE_FREE 1
#define HAVE_MEMCPY 1
#define HAVE_MEMMOVE 1
#define HAVE_ALARM 1
#define HAVE_SIGNAL 1
#define HAVE_LIBM 1
#define HAVE_FLOOR 1
#define HAVE_CEIL 1
#define HAVE_FMOD 1
#define HAVE_SIGALRM 1
#define HAVE_LRINT 1
#define HAVE_LRINTF 1
#define CPU_CLIPS_POSITIVE 0
#define CPU_CLIPS_NEGATIVE 0
#define HAVE_SNDFILE 1
#define COMPILER_IS_GCC 1
#define GCC_MAJOR_VERSION 4
#define OS_IS_WIN32 0

configure: exit 0
